{
  "DE145470": [],
  "DE144402": [
    {
      "DE151465": []
    }
  ],
  "DE140626": [],
  "DE143133": [
    {
      "DE154065": []
    }
  ],
  "DE138286": [
    {
      "DE137017": [
        "TC55451"
      ]
    }
  ],
  "DE139220": [
    {
      "DE135956": [
        "TC55402"
      ]
    },
    {
      "DE142217": []
    }
  ],
  "DE139368": [
    {
      "DE137558": [
        "TC60210"
      ]
    }
  ],
  "DE139393": [
    [
      "TC55468"
    ],
    {
      "DE109391": [
        "TC26313"
      ]
    },
    {
      "DE142020": []
    },
    {
      "DE152427": []
    }
  ],
  "DE139395": [
    [
      "TC56574"
    ],
    {
      "DE148893": []
    }
  ],
  "DE140495": [
    {
      "DE140444": [
        "TC55410"
      ]
    },
    {
      "DE141269": []
    }
  ],
  "DE140630": [
    {
      "DE133983": [
        "TC60209"
      ]
    }
  ],
  "DE144420": [
    {
      "DE142351": [
        "TC51896"
      ]
    },
    {
      "DE144467": [
        "TC55448"
      ]
    }
  ],
  "DE92954": [
    {
      "DE131915": []
    }
  ],
  "DE125878": [
    {
      "DE106098": []
    },
    {
      "DE130598": [
        "TC55378"
      ]
    }
  ],
  "DE131017": [
    {
      "DE133443": [
        "TC60213"
      ]
    }
  ],
  "DE97205": [
    {
      "DE131616": [
        "TC60214"
      ]
    },
    {
      "DE139128": []
    }
  ],
  "DE124647": [],
  "DE126785": [
    {
      "DE140513": [
        "TC55411"
      ]
    }
  ],
  "DE127470": [],
  "DE127766": [
    {
      "DE131776": [
        "TC42265"
      ]
    }
  ],
  "DE128244": [
    {
      "DE131911": [
        "TC60215"
      ]
    },
    {
      "DE134253": []
    }
  ],
  "DE128424": [
    {
      "DE132523": [
        "TC60216"
      ]
    }
  ],
  "DE129304": [
    {
      "DE140515": [
        "TC60211"
      ]
    }
  ],
  "DE130938": [
    {
      "DE133338": [
        "TC60218"
      ]
    }
  ],
  "DE132304": [
    {
      "DE133326": [
        "TC60217"
      ]
    }
  ],
  "DE133694": [
    {
      "DE132592": [
        "TC42271"
      ]
    }
  ],
  "DE135119": [
    {
      "DE136078": [
        "TC55405"
      ]
    }
  ],
  "DE135182": [
    {
      "DE134123": [
        "TC60220"
      ]
    }
  ],
  "DE135625": [
    [
      "TC55401"
    ],
    {
      "DE135024": [
        "TC42426"
      ]
    },
    {
      "DE158806": []
    }
  ],
  "DE156994": [
    {
      "DE89154": []
    }
  ],
  "DE127561": [
    [
      "TC62196"
    ],
    {
      "DE140514": []
    }
  ],
  "DE130156": [
    {
      "DE140516": [
        "TC60212"
      ]
    }
  ],
  "DE111729": [
    {
      "DE131918": [
        "TC55380"
      ]
    }
  ]
}